11:13:38 scenario.file.loc[Ljava.lang.String;@3d8314f0
11:13:38 loading BDD file: scenarios/BusBooking_Goibibo.bdd
11:13:38 total test found: 1
11:13:38 

Executing scenario: BusBooking - Busticketbooking
11:13:38 pkg: com.qmetry.qaf.automation.step
11:13:38 pkg: com.perfecto.steps
11:13:38 Found duplicate step to load [] with [lower] prority then []
11:13:38 Invoking Teststep: Given i opened the application
11:13:52 Completed Teststep: Given i opened the application
11:13:52 Invoking Teststep: When Closing the application to restart
11:13:55 Completed Teststep: When Closing the application to restart
11:13:55 Invoking Teststep: And User clicking on bus button
11:14:07 Completed Teststep: And User clicking on bus button
11:14:07 Invoking Teststep: And User enter the origin
11:14:37 Failure Teststep: And User enter the origin
org.openqa.selenium.TimeoutException: Timed out after 30 seconds waiting for presence of element located by: [unknown locator]
Build info: version: '2.53.0', revision: '35ae25b1534ae328c771e0856c93e187490ca824', time: '2016-03-15 10:43:46'
System info: host: 'ICPL12782', ip: '192.168.81.2', os.name: 'Windows 10', os.arch: 'amd64', os.version: '10.0', java.version: '1.8.0_161'
Driver info: driver.version: QAFExtendedWebDriver
	at org.openqa.selenium.support.ui.FluentWait.timeoutException(FluentWait.java:292)
	at org.openqa.selenium.support.ui.FluentWait.until(FluentWait.java:261)
	at com.qmetry.qaf.automation.ui.webdriver.QAFExtendedWebDriver.load(QAFExtendedWebDriver.java:214)
	at com.qmetry.qaf.automation.ui.webdriver.QAFExtendedWebElement.load(QAFExtendedWebElement.java:284)
	at com.qmetry.qaf.automation.ui.webdriver.QAFExtendedWebElement.execute(QAFExtendedWebElement.java:239)
	at org.openqa.selenium.remote.RemoteWebElement.click(RemoteWebElement.java:85)
	at com.perfecto.steps.Busbooking.Origincity(Busbooking.java:84)
	at sun.reflect.NativeMethodAccessorImpl.invoke0(Native Method)
	at sun.reflect.NativeMethodAccessorImpl.invoke(NativeMethodAccessorImpl.java:62)
	at sun.reflect.DelegatingMethodAccessorImpl.invoke(DelegatingMethodAccessorImpl.java:43)
	at java.lang.reflect.Method.invoke(Method.java:498)
	at com.qmetry.qaf.automation.step.JavaStep.doExecute(JavaStep.java:160)
	at com.qmetry.qaf.automation.step.BaseTestStep.execute(BaseTestStep.java:149)
	at com.qmetry.qaf.automation.step.StringTestStep.execute(StringTestStep.java:134)
	at com.qmetry.qaf.automation.step.client.Scenario.execute(Scenario.java:167)
	at com.qmetry.qaf.automation.step.client.Scenario.scenario(Scenario.java:219)
	at sun.reflect.NativeMethodAccessorImpl.invoke0(Native Method)
	at sun.reflect.NativeMethodAccessorImpl.invoke(NativeMethodAccessorImpl.java:62)
	at sun.reflect.DelegatingMethodAccessorImpl.invoke(DelegatingMethodAccessorImpl.java:43)
	at java.lang.reflect.Method.invoke(Method.java:498)
	at org.testng.internal.MethodInvocationHelper.invokeMethod(MethodInvocationHelper.java:104)
	at org.testng.internal.Invoker.invokeMethod(Invoker.java:645)
	at org.testng.internal.Invoker.invokeTestMethod(Invoker.java:851)
	at org.testng.internal.Invoker.invokeTestMethods(Invoker.java:1177)
	at org.testng.internal.TestMethodWorker.invokeTestMethods(TestMethodWorker.java:129)
	at org.testng.internal.TestMethodWorker.run(TestMethodWorker.java:112)
	at org.testng.TestRunner.privateRun(TestRunner.java:781)
	at org.testng.TestRunner.run(TestRunner.java:635)
	at org.testng.SuiteRunner.runTest(SuiteRunner.java:387)
	at org.testng.SuiteRunner.runSequentially(SuiteRunner.java:382)
	at org.testng.SuiteRunner.privateRun(SuiteRunner.java:340)
	at org.testng.SuiteRunner.run(SuiteRunner.java:289)
	at org.testng.SuiteRunnerWorker.runSuite(SuiteRunnerWorker.java:52)
	at org.testng.SuiteRunnerWorker.run(SuiteRunnerWorker.java:86)
	at org.testng.TestNG.runSuitesSequentially(TestNG.java:1293)
	at org.testng.TestNG.runSuitesLocally(TestNG.java:1218)
	at org.testng.TestNG.runSuites(TestNG.java:1133)
	at org.testng.TestNG.run(TestNG.java:1104)
	at org.testng.remote.AbstractRemoteTestNG.run(AbstractRemoteTestNG.java:114)
	at org.testng.remote.RemoteTestNG.initAndRun(RemoteTestNG.java:251)
	at org.testng.remote.RemoteTestNG.main(RemoteTestNG.java:77)
Caused by: org.openqa.selenium.WebDriverException: Cannot find matching element locator to: resourceid
Build info: version: '3.6.0', revision: '6fbf3ec767', time: '2017-09-27T15:28:36.4Z'
System info: host: '0ff493271f4e', ip: '172.18.0.4', os.name: 'Linux', os.arch: 'amd64', os.version: '4.4.0-47-generic', java.version: '1.8.0_131'
Driver info: driver.version: unknown
Command duration or timeout: 286 milliseconds
Build info: version: '2.53.0', revision: '35ae25b1534ae328c771e0856c93e187490ca824', time: '2016-03-15 10:43:46'
System info: host: 'ICPL12782', ip: '192.168.81.2', os.name: 'Windows 10', os.arch: 'amd64', os.version: '10.0', java.version: '1.8.0_161'
Driver info: com.qmetry.qaf.automation.ui.webdriver.QAFExtendedWebDriver
Capabilities [{appPackage=com.goibibo, reportPdfUrl=https://partners.reporting.perfectomobile.com/export/api/v1/test-executions/pdf?externalId[0]=is_user1@infostretch.com_RemoteWebDriver_18-05-02_05_43_38_3848&_timestamp[0]=1525239818318, noReset=true, appPath=PUBLIC:perfectoTraining/Goibibo.apk, deviceName=FA6BS0304695, platform=ANY, password=, deviceSessionId=is_user1@infostretch.com_RemoteWebDriver_18-05-02_05_43_38_3848, driverClass=io.appium.java_client.android.AndroidDriver, automationName=Appium, host=partners.perfectomobile.com, singleTestReportUrl=https://partners.reporting.perfectomobile.com?externalId[0]=is_user1@infostretch.com_RemoteWebDriver_18-05-02_05_43_38_3848&_timestamp[0]=1525239818318, takesScreenshot=true, javascriptEnabled=true, AutoAcceptAlerts=true, platformName=android, applicationName=Goibibo, rotatable=true, testGridReportUrl=https://partners.reporting.perfectomobile.com?externalId[0]=is_user1@infostretch.com_RemoteWebDriver_18-05-02_05_43_38_3848&_timestamp[0]=1525239818318, entityType=appium_driver, serverConnector=, securityToken=, executionId=is_user1@infostretch.com_RemoteWebDriver_18-05-02_05_43_38_3848, webdriver.remote.sessionid=50de58a6-5e2f-4a03-af16-264b2109f3cd, autoLaunch=true, locationContextEnabled=true, scriptName=RemoteWebDriver, reportKey=is_user1@infostretch.com_RemoteWebDriver_18-05-02_05_43_38_3848, windTunnelReportUrl=https://partners.reporting.perfectomobile.com?externalId[0]=is_user1@infostretch.com_RemoteWebDriver_18-05-02_05_43_38_3848&_timestamp[0]=1525239818318, user=, cssSelectorsEnabled=true}]
Session ID: 50de58a6-5e2f-4a03-af16-264b2109f3cd
*** Element info: {Using=resourceid, value=com.goibibo:id/bus_origin}
	at sun.reflect.GeneratedConstructorAccessor19.newInstance(Unknown Source)
	at sun.reflect.DelegatingConstructorAccessorImpl.newInstance(DelegatingConstructorAccessorImpl.java:45)
	at java.lang.reflect.Constructor.newInstance(Constructor.java:423)
	at org.openqa.selenium.remote.ErrorHandler.createThrowable(ErrorHandler.java:206)
	at org.openqa.selenium.remote.ErrorHandler.throwIfResponseFailed(ErrorHandler.java:158)
	at org.openqa.selenium.remote.RemoteWebDriver.execute(RemoteWebDriver.java:678)
	at com.qmetry.qaf.automation.ui.webdriver.QAFExtendedWebDriver.execute(QAFExtendedWebDriver.java:234)
	at org.openqa.selenium.remote.RemoteWebDriver.findElements(RemoteWebDriver.java:388)
	at com.qmetry.qaf.automation.ui.webdriver.QAFExtendedWebDriver.findElementsByCustomStretegy(QAFExtendedWebDriver.java:507)
	at com.qmetry.qaf.automation.ui.webdriver.ByCustom.findElements(ByCustom.java:53)
	at org.openqa.selenium.By.findElement(By.java:159)
	at org.openqa.selenium.remote.RemoteWebDriver.findElement(RemoteWebDriver.java:355)
	at com.qmetry.qaf.automation.ui.webdriver.QAFExtendedWebDriver.findElement(QAFExtendedWebDriver.java:169)
	at com.qmetry.qaf.automation.ui.webdriver.QAFExtendedWebDriver.findElement(QAFExtendedWebDriver.java:1)
	at org.openqa.selenium.support.ui.ExpectedConditions.findElement(ExpectedConditions.java:899)
	at org.openqa.selenium.support.ui.ExpectedConditions.access$000(ExpectedConditions.java:41)
	at org.openqa.selenium.support.ui.ExpectedConditions$6.apply(ExpectedConditions.java:181)
	at org.openqa.selenium.support.ui.ExpectedConditions$6.apply(ExpectedConditions.java:178)
	at org.openqa.selenium.support.ui.FluentWait.until(FluentWait.java:238)
	... 39 more
Caused by: org.openqa.selenium.WebDriverException: Cannot find matching element locator to: resourceid
Build info: version: '3.6.0', revision: '6fbf3ec767', time: '2017-09-27T15:28:36.4Z'
System info: host: '0ff493271f4e', ip: '172.18.0.4', os.name: 'Linux', os.arch: 'amd64', os.version: '4.4.0-47-generic', java.version: '1.8.0_131'
Driver info: driver.version: unknown
Build info: version: '2.53.0', revision: '35ae25b1534ae328c771e0856c93e187490ca824', time: '2016-03-15 10:43:46'
System info: host: 'ICPL12782', ip: '192.168.81.2', os.name: 'Windows 10', os.arch: 'amd64', os.version: '10.0', java.version: '1.8.0_161'
Driver info: driver.version: unknown
	at org.openqa.selenium.remote.server.handler.BySelector.pickFrom(BySelector.java:51)
	at com.perfectomobile.selenium.server.appium.ByAppiumSelector.pickFrom(ByAppiumSelector.java:28)
	at org.openqa.selenium.remote.server.handler.BySelector.pickFromJsonParameters(BySelector.java:30)
	at org.openqa.selenium.remote.server.handler.FindElements.setJsonParameters(FindElements.java:44)
	at org.openqa.selenium.remote.server.rest.ResultConfig.handle(ResultConfig.java:100)
	at org.openqa.selenium.remote.server.JsonHttpCommandHandler.handleRequest(JsonHttpCommandHandler.java:192)
	at org.openqa.selenium.remote.server.MobileDriverServlet.lambda$handleRequest$0(MobileDriverServlet.java:465)
	at java.util.concurrent.Executors$RunnableAdapter.call(Executors.java:511)
	at java.util.concurrent.FutureTask.run(FutureTask.java:266)
	at java.util.concurrent.ThreadPoolExecutor.runWorker(ThreadPoolExecutor.java:1142)
	at java.util.concurrent.ThreadPoolExecutor$Worker.run(ThreadPoolExecutor.java:617)
	at java.lang.Thread.run(Thread.java:748)
11:14:37 Completed Teststep: And User enter the origin
11:14:37 Competed scenario: BusBooking with status FAILURE
